<?xml version="1.0" encoding="UTF-8"?>
<testsuite name="Cucumber" time="14.699" tests="1" skipped="0" failures="0" errors="0">
<testcase classname="US01 Cok satan edebiyat kitapları" name="TC01 cok satan edebiyat kitaplari sayfasi testi" time="14.489">
<system-out><![CDATA[
Given Kullanici "url" e gider...............................................passed
When kullanici cok satan kitaplar menusu ustune gelir.......................passed
And 3 saniye bekleme yapar..................................................passed
And cok satan edebiyat kitaplari linkini tiklar.............................passed
]]></system-out>
</testcase>
</testsuite>
