<?xml version="1.0" encoding="UTF-8"?>
<testsuite name="Cucumber" time="56.852" tests="3" skipped="0" failures="3" errors="0">
<testcase classname="US01 Cok satan edebiyat kitapları" name="TC02 Zaman Araligi dropdown  testi - Example #1.1" time="23.403">
<failure type="java.lang.RuntimeException" message="java.io.FileNotFoundException: src\test\resources\kitapyurdu.xlsx (Sistem belirtilen dosyayı bulamıyor)">
<![CDATA[java.lang.RuntimeException: java.io.FileNotFoundException: src\test\resources\kitapyurdu.xlsx (Sistem belirtilen dosyayı bulamıyor)
	at utilities.ExcelUtils.<init>(ExcelUtils.java:26)
	at stepDefinitions.CokSatanKitaplar_Hakan_StepDefinition.kullaniciSecimSonucuGoruntulenenKitaplarinDegistiginiDogrular(CokSatanKitaplar_Hakan_StepDefinition.java:138)
	at ✽.kullanici secim sonucu goruntulenen kitaplarin degistigini dogrular(file:///C:/Users/HakanBatirhan/IdeaProjects/Batch129Cucumber_Practice/src/test/resources/features/directory2/hakan2.feature:18)
Caused by: java.io.FileNotFoundException: src\test\resources\kitapyurdu.xlsx (Sistem belirtilen dosyayı bulamıyor)
	at java.base/java.io.FileInputStream.open0(Native Method)
	at java.base/java.io.FileInputStream.open(FileInputStream.java:219)
	at java.base/java.io.FileInputStream.<init>(FileInputStream.java:158)
	at java.base/java.io.FileInputStream.<init>(FileInputStream.java:112)
	at utilities.ExcelUtils.<init>(ExcelUtils.java:22)
	at stepDefinitions.CokSatanKitaplar_Hakan_StepDefinition.kullaniciSecimSonucuGoruntulenenKitaplarinDegistiginiDogrular(CokSatanKitaplar_Hakan_StepDefinition.java:138)
	at java.base/jdk.internal.reflect.DirectMethodHandleAccessor.invoke(DirectMethodHandleAccessor.java:104)
	at java.base/java.lang.reflect.Method.invoke(Method.java:578)
	at io.cucumber.java.Invoker.doInvoke(Invoker.java:66)
	at io.cucumber.java.Invoker.invoke(Invoker.java:24)
	at io.cucumber.java.AbstractGlueDefinition.invokeMethod(AbstractGlueDefinition.java:47)
	at io.cucumber.java.JavaStepDefinition.execute(JavaStepDefinition.java:29)
	at io.cucumber.core.runner.CoreStepDefinition.execute(CoreStepDefinition.java:66)
	at io.cucumber.core.runner.PickleStepDefinitionMatch.runStep(PickleStepDefinitionMatch.java:63)
	at io.cucumber.core.runner.ExecutionMode$1.execute(ExecutionMode.java:10)
	at io.cucumber.core.runner.TestStep.executeStep(TestStep.java:84)
	at io.cucumber.core.runner.TestStep.run(TestStep.java:56)
	at io.cucumber.core.runner.PickleStepTestStep.run(PickleStepTestStep.java:51)
	at io.cucumber.core.runner.TestCase.run(TestCase.java:84)
	at io.cucumber.core.runner.Runner.runPickle(Runner.java:75)
	at io.cucumber.junit.PickleRunners$NoStepDescriptions.lambda$run$0(PickleRunners.java:151)
	at io.cucumber.core.runtime.CucumberExecutionContext.lambda$runTestCase$5(CucumberExecutionContext.java:130)
	at io.cucumber.core.runtime.RethrowingThrowableCollector.executeAndThrow(RethrowingThrowableCollector.java:23)
	at io.cucumber.core.runtime.CucumberExecutionContext.runTestCase(CucumberExecutionContext.java:130)
	at io.cucumber.junit.PickleRunners$NoStepDescriptions.run(PickleRunners.java:148)
	at io.cucumber.junit.FeatureRunner.runChild(FeatureRunner.java:144)
	at io.cucumber.junit.FeatureRunner.runChild(FeatureRunner.java:28)
	at org.junit.runners.ParentRunner$4.run(ParentRunner.java:331)
	at org.junit.runners.ParentRunner$1.schedule(ParentRunner.java:79)
	at org.junit.runners.ParentRunner.runChildren(ParentRunner.java:329)
	at org.junit.runners.ParentRunner.access$100(ParentRunner.java:66)
	at org.junit.runners.ParentRunner$2.evaluate(ParentRunner.java:293)
	at org.junit.runners.ParentRunner$3.evaluate(ParentRunner.java:306)
	at org.junit.runners.ParentRunner.run(ParentRunner.java:413)
	at io.cucumber.junit.FeatureRunner.run(FeatureRunner.java:137)
	at io.cucumber.junit.Cucumber.runChild(Cucumber.java:196)
	at io.cucumber.junit.Cucumber.runChild(Cucumber.java:89)
	at org.junit.runners.ParentRunner$4.run(ParentRunner.java:331)
	at org.junit.runners.ParentRunner$1.schedule(ParentRunner.java:79)
	at org.junit.runners.ParentRunner.runChildren(ParentRunner.java:329)
	at org.junit.runners.ParentRunner.access$100(ParentRunner.java:66)
	at org.junit.runners.ParentRunner$2.evaluate(ParentRunner.java:293)
	at io.cucumber.junit.Cucumber$RunBeforeAllHooks.evaluate(Cucumber.java:266)
	at io.cucumber.junit.Cucumber$RunAfterAllHooks.evaluate(Cucumber.java:281)
	at io.cucumber.junit.Cucumber$StartTestRun.evaluate(Cucumber.java:233)
	at io.cucumber.junit.Cucumber$FinishTestRun.evaluate(Cucumber.java:248)
	at org.junit.runners.ParentRunner$3.evaluate(ParentRunner.java:306)
	at org.junit.runners.ParentRunner.run(ParentRunner.java:413)
	at org.junit.runner.JUnitCore.run(JUnitCore.java:137)
	at com.intellij.junit4.JUnit4IdeaTestRunner.startRunnerWithArgs(JUnit4IdeaTestRunner.java:69)
	at com.intellij.rt.junit.IdeaTestRunner$Repeater$1.execute(IdeaTestRunner.java:38)
	at com.intellij.rt.execution.junit.TestsRepeater.repeat(TestsRepeater.java:11)
	at com.intellij.rt.junit.IdeaTestRunner$Repeater.startRunnerWithArgs(IdeaTestRunner.java:35)
	at com.intellij.rt.junit.JUnitStarter.prepareStreamsAndStart(JUnitStarter.java:235)
	at com.intellij.rt.junit.JUnitStarter.main(JUnitStarter.java:54)
]]>
</failure>
<system-out><![CDATA[
Given Kullanici "url" e gider...............................................passed
Then giris yap linkini tiklar...............................................passed
And eposta kutusuna mailini girer...........................................passed
And sifre kutusuna sifresini girer..........................................passed
And giris yap butonunu tiklar...............................................passed
Then kullanici cok satan kitaplar menusu ustune gelir.......................passed
And 3 saniye bekleme yapar..................................................passed
And cok satan edebiyat kitaplari linkini tiklar.............................passed
Given kullanici zaman araligi dropdown'inin secilebilir oldugunu dogrular...passed
And 1 saniye bekleme yapar..................................................passed
And kullanici zaman araligi dropdown'inindan "Haftalık" secenegini secer....passed
Then kullanici secim sonucu goruntulenen kitaplarin degistigini dogrular....failed
]]></system-out>
</testcase>
<testcase classname="US01 Cok satan edebiyat kitapları" name="TC02 Zaman Araligi dropdown  testi - Example #1.2" time="16.715">
<failure type="java.lang.RuntimeException" message="java.io.FileNotFoundException: src\test\resources\kitapyurdu.xlsx (Sistem belirtilen dosyayı bulamıyor)">
<![CDATA[java.lang.RuntimeException: java.io.FileNotFoundException: src\test\resources\kitapyurdu.xlsx (Sistem belirtilen dosyayı bulamıyor)
	at utilities.ExcelUtils.<init>(ExcelUtils.java:26)
	at stepDefinitions.CokSatanKitaplar_Hakan_StepDefinition.kullaniciSecimSonucuGoruntulenenKitaplarinDegistiginiDogrular(CokSatanKitaplar_Hakan_StepDefinition.java:138)
	at ✽.kullanici secim sonucu goruntulenen kitaplarin degistigini dogrular(file:///C:/Users/HakanBatirhan/IdeaProjects/Batch129Cucumber_Practice/src/test/resources/features/directory2/hakan2.feature:18)
Caused by: java.io.FileNotFoundException: src\test\resources\kitapyurdu.xlsx (Sistem belirtilen dosyayı bulamıyor)
	at java.base/java.io.FileInputStream.open0(Native Method)
	at java.base/java.io.FileInputStream.open(FileInputStream.java:219)
	at java.base/java.io.FileInputStream.<init>(FileInputStream.java:158)
	at java.base/java.io.FileInputStream.<init>(FileInputStream.java:112)
	at utilities.ExcelUtils.<init>(ExcelUtils.java:22)
	at stepDefinitions.CokSatanKitaplar_Hakan_StepDefinition.kullaniciSecimSonucuGoruntulenenKitaplarinDegistiginiDogrular(CokSatanKitaplar_Hakan_StepDefinition.java:138)
	at java.base/jdk.internal.reflect.DirectMethodHandleAccessor.invoke(DirectMethodHandleAccessor.java:104)
	at java.base/java.lang.reflect.Method.invoke(Method.java:578)
	at io.cucumber.java.Invoker.doInvoke(Invoker.java:66)
	at io.cucumber.java.Invoker.invoke(Invoker.java:24)
	at io.cucumber.java.AbstractGlueDefinition.invokeMethod(AbstractGlueDefinition.java:47)
	at io.cucumber.java.JavaStepDefinition.execute(JavaStepDefinition.java:29)
	at io.cucumber.core.runner.CoreStepDefinition.execute(CoreStepDefinition.java:66)
	at io.cucumber.core.runner.PickleStepDefinitionMatch.runStep(PickleStepDefinitionMatch.java:63)
	at io.cucumber.core.runner.ExecutionMode$1.execute(ExecutionMode.java:10)
	at io.cucumber.core.runner.TestStep.executeStep(TestStep.java:84)
	at io.cucumber.core.runner.TestStep.run(TestStep.java:56)
	at io.cucumber.core.runner.PickleStepTestStep.run(PickleStepTestStep.java:51)
	at io.cucumber.core.runner.TestCase.run(TestCase.java:84)
	at io.cucumber.core.runner.Runner.runPickle(Runner.java:75)
	at io.cucumber.junit.PickleRunners$NoStepDescriptions.lambda$run$0(PickleRunners.java:151)
	at io.cucumber.core.runtime.CucumberExecutionContext.lambda$runTestCase$5(CucumberExecutionContext.java:130)
	at io.cucumber.core.runtime.RethrowingThrowableCollector.executeAndThrow(RethrowingThrowableCollector.java:23)
	at io.cucumber.core.runtime.CucumberExecutionContext.runTestCase(CucumberExecutionContext.java:130)
	at io.cucumber.junit.PickleRunners$NoStepDescriptions.run(PickleRunners.java:148)
	at io.cucumber.junit.FeatureRunner.runChild(FeatureRunner.java:144)
	at io.cucumber.junit.FeatureRunner.runChild(FeatureRunner.java:28)
	at org.junit.runners.ParentRunner$4.run(ParentRunner.java:331)
	at org.junit.runners.ParentRunner$1.schedule(ParentRunner.java:79)
	at org.junit.runners.ParentRunner.runChildren(ParentRunner.java:329)
	at org.junit.runners.ParentRunner.access$100(ParentRunner.java:66)
	at org.junit.runners.ParentRunner$2.evaluate(ParentRunner.java:293)
	at org.junit.runners.ParentRunner$3.evaluate(ParentRunner.java:306)
	at org.junit.runners.ParentRunner.run(ParentRunner.java:413)
	at io.cucumber.junit.FeatureRunner.run(FeatureRunner.java:137)
	at io.cucumber.junit.Cucumber.runChild(Cucumber.java:196)
	at io.cucumber.junit.Cucumber.runChild(Cucumber.java:89)
	at org.junit.runners.ParentRunner$4.run(ParentRunner.java:331)
	at org.junit.runners.ParentRunner$1.schedule(ParentRunner.java:79)
	at org.junit.runners.ParentRunner.runChildren(ParentRunner.java:329)
	at org.junit.runners.ParentRunner.access$100(ParentRunner.java:66)
	at org.junit.runners.ParentRunner$2.evaluate(ParentRunner.java:293)
	at io.cucumber.junit.Cucumber$RunBeforeAllHooks.evaluate(Cucumber.java:266)
	at io.cucumber.junit.Cucumber$RunAfterAllHooks.evaluate(Cucumber.java:281)
	at io.cucumber.junit.Cucumber$StartTestRun.evaluate(Cucumber.java:233)
	at io.cucumber.junit.Cucumber$FinishTestRun.evaluate(Cucumber.java:248)
	at org.junit.runners.ParentRunner$3.evaluate(ParentRunner.java:306)
	at org.junit.runners.ParentRunner.run(ParentRunner.java:413)
	at org.junit.runner.JUnitCore.run(JUnitCore.java:137)
	at com.intellij.junit4.JUnit4IdeaTestRunner.startRunnerWithArgs(JUnit4IdeaTestRunner.java:69)
	at com.intellij.rt.junit.IdeaTestRunner$Repeater$1.execute(IdeaTestRunner.java:38)
	at com.intellij.rt.execution.junit.TestsRepeater.repeat(TestsRepeater.java:11)
	at com.intellij.rt.junit.IdeaTestRunner$Repeater.startRunnerWithArgs(IdeaTestRunner.java:35)
	at com.intellij.rt.junit.JUnitStarter.prepareStreamsAndStart(JUnitStarter.java:235)
	at com.intellij.rt.junit.JUnitStarter.main(JUnitStarter.java:54)
]]>
</failure>
<system-out><![CDATA[
Given Kullanici "url" e gider...............................................passed
Then giris yap linkini tiklar...............................................passed
And eposta kutusuna mailini girer...........................................passed
And sifre kutusuna sifresini girer..........................................passed
And giris yap butonunu tiklar...............................................passed
Then kullanici cok satan kitaplar menusu ustune gelir.......................passed
And 3 saniye bekleme yapar..................................................passed
And cok satan edebiyat kitaplari linkini tiklar.............................passed
Given kullanici zaman araligi dropdown'inin secilebilir oldugunu dogrular...passed
And 1 saniye bekleme yapar..................................................passed
And kullanici zaman araligi dropdown'inindan "Aylık" secenegini secer.......passed
Then kullanici secim sonucu goruntulenen kitaplarin degistigini dogrular....failed
]]></system-out>
</testcase>
<testcase classname="US01 Cok satan edebiyat kitapları" name="TC02 Zaman Araligi dropdown  testi - Example #1.3" time="16.45">
<failure type="java.lang.RuntimeException" message="java.io.FileNotFoundException: src\test\resources\kitapyurdu.xlsx (Sistem belirtilen dosyayı bulamıyor)">
<![CDATA[java.lang.RuntimeException: java.io.FileNotFoundException: src\test\resources\kitapyurdu.xlsx (Sistem belirtilen dosyayı bulamıyor)
	at utilities.ExcelUtils.<init>(ExcelUtils.java:26)
	at stepDefinitions.CokSatanKitaplar_Hakan_StepDefinition.kullaniciSecimSonucuGoruntulenenKitaplarinDegistiginiDogrular(CokSatanKitaplar_Hakan_StepDefinition.java:138)
	at ✽.kullanici secim sonucu goruntulenen kitaplarin degistigini dogrular(file:///C:/Users/HakanBatirhan/IdeaProjects/Batch129Cucumber_Practice/src/test/resources/features/directory2/hakan2.feature:18)
Caused by: java.io.FileNotFoundException: src\test\resources\kitapyurdu.xlsx (Sistem belirtilen dosyayı bulamıyor)
	at java.base/java.io.FileInputStream.open0(Native Method)
	at java.base/java.io.FileInputStream.open(FileInputStream.java:219)
	at java.base/java.io.FileInputStream.<init>(FileInputStream.java:158)
	at java.base/java.io.FileInputStream.<init>(FileInputStream.java:112)
	at utilities.ExcelUtils.<init>(ExcelUtils.java:22)
	at stepDefinitions.CokSatanKitaplar_Hakan_StepDefinition.kullaniciSecimSonucuGoruntulenenKitaplarinDegistiginiDogrular(CokSatanKitaplar_Hakan_StepDefinition.java:138)
	at java.base/jdk.internal.reflect.DirectMethodHandleAccessor.invoke(DirectMethodHandleAccessor.java:104)
	at java.base/java.lang.reflect.Method.invoke(Method.java:578)
	at io.cucumber.java.Invoker.doInvoke(Invoker.java:66)
	at io.cucumber.java.Invoker.invoke(Invoker.java:24)
	at io.cucumber.java.AbstractGlueDefinition.invokeMethod(AbstractGlueDefinition.java:47)
	at io.cucumber.java.JavaStepDefinition.execute(JavaStepDefinition.java:29)
	at io.cucumber.core.runner.CoreStepDefinition.execute(CoreStepDefinition.java:66)
	at io.cucumber.core.runner.PickleStepDefinitionMatch.runStep(PickleStepDefinitionMatch.java:63)
	at io.cucumber.core.runner.ExecutionMode$1.execute(ExecutionMode.java:10)
	at io.cucumber.core.runner.TestStep.executeStep(TestStep.java:84)
	at io.cucumber.core.runner.TestStep.run(TestStep.java:56)
	at io.cucumber.core.runner.PickleStepTestStep.run(PickleStepTestStep.java:51)
	at io.cucumber.core.runner.TestCase.run(TestCase.java:84)
	at io.cucumber.core.runner.Runner.runPickle(Runner.java:75)
	at io.cucumber.junit.PickleRunners$NoStepDescriptions.lambda$run$0(PickleRunners.java:151)
	at io.cucumber.core.runtime.CucumberExecutionContext.lambda$runTestCase$5(CucumberExecutionContext.java:130)
	at io.cucumber.core.runtime.RethrowingThrowableCollector.executeAndThrow(RethrowingThrowableCollector.java:23)
	at io.cucumber.core.runtime.CucumberExecutionContext.runTestCase(CucumberExecutionContext.java:130)
	at io.cucumber.junit.PickleRunners$NoStepDescriptions.run(PickleRunners.java:148)
	at io.cucumber.junit.FeatureRunner.runChild(FeatureRunner.java:144)
	at io.cucumber.junit.FeatureRunner.runChild(FeatureRunner.java:28)
	at org.junit.runners.ParentRunner$4.run(ParentRunner.java:331)
	at org.junit.runners.ParentRunner$1.schedule(ParentRunner.java:79)
	at org.junit.runners.ParentRunner.runChildren(ParentRunner.java:329)
	at org.junit.runners.ParentRunner.access$100(ParentRunner.java:66)
	at org.junit.runners.ParentRunner$2.evaluate(ParentRunner.java:293)
	at org.junit.runners.ParentRunner$3.evaluate(ParentRunner.java:306)
	at org.junit.runners.ParentRunner.run(ParentRunner.java:413)
	at io.cucumber.junit.FeatureRunner.run(FeatureRunner.java:137)
	at io.cucumber.junit.Cucumber.runChild(Cucumber.java:196)
	at io.cucumber.junit.Cucumber.runChild(Cucumber.java:89)
	at org.junit.runners.ParentRunner$4.run(ParentRunner.java:331)
	at org.junit.runners.ParentRunner$1.schedule(ParentRunner.java:79)
	at org.junit.runners.ParentRunner.runChildren(ParentRunner.java:329)
	at org.junit.runners.ParentRunner.access$100(ParentRunner.java:66)
	at org.junit.runners.ParentRunner$2.evaluate(ParentRunner.java:293)
	at io.cucumber.junit.Cucumber$RunBeforeAllHooks.evaluate(Cucumber.java:266)
	at io.cucumber.junit.Cucumber$RunAfterAllHooks.evaluate(Cucumber.java:281)
	at io.cucumber.junit.Cucumber$StartTestRun.evaluate(Cucumber.java:233)
	at io.cucumber.junit.Cucumber$FinishTestRun.evaluate(Cucumber.java:248)
	at org.junit.runners.ParentRunner$3.evaluate(ParentRunner.java:306)
	at org.junit.runners.ParentRunner.run(ParentRunner.java:413)
	at org.junit.runner.JUnitCore.run(JUnitCore.java:137)
	at com.intellij.junit4.JUnit4IdeaTestRunner.startRunnerWithArgs(JUnit4IdeaTestRunner.java:69)
	at com.intellij.rt.junit.IdeaTestRunner$Repeater$1.execute(IdeaTestRunner.java:38)
	at com.intellij.rt.execution.junit.TestsRepeater.repeat(TestsRepeater.java:11)
	at com.intellij.rt.junit.IdeaTestRunner$Repeater.startRunnerWithArgs(IdeaTestRunner.java:35)
	at com.intellij.rt.junit.JUnitStarter.prepareStreamsAndStart(JUnitStarter.java:235)
	at com.intellij.rt.junit.JUnitStarter.main(JUnitStarter.java:54)
]]>
</failure>
<system-out><![CDATA[
Given Kullanici "url" e gider...............................................passed
Then giris yap linkini tiklar...............................................passed
And eposta kutusuna mailini girer...........................................passed
And sifre kutusuna sifresini girer..........................................passed
And giris yap butonunu tiklar...............................................passed
Then kullanici cok satan kitaplar menusu ustune gelir.......................passed
And 3 saniye bekleme yapar..................................................passed
And cok satan edebiyat kitaplari linkini tiklar.............................passed
Given kullanici zaman araligi dropdown'inin secilebilir oldugunu dogrular...passed
And 1 saniye bekleme yapar..................................................passed
And kullanici zaman araligi dropdown'inindan "Yıllık" secenegini secer......passed
Then kullanici secim sonucu goruntulenen kitaplarin degistigini dogrular....failed
]]></system-out>
</testcase>
</testsuite>
